<?xml version="1.0" encoding="UTF-8"?>
<testng-results ignored="0" total="4" passed="4" failed="0" skipped="0">
  <reporter-output>
  </reporter-output>
  <suite started-at="2023-05-28T22:57:59 IST" name="Default suite" finished-at="2023-05-28T22:58:03 IST" duration-ms="4326">
    <groups>
    </groups>
    <test started-at="2023-05-28T22:57:59 IST" name="Default test" finished-at="2023-05-28T22:58:03 IST" duration-ms="4326">
      <class name="learning1.HttpRequestsCalling">
        <test-method signature="getUsers()[pri:1, instance:learning1.HttpRequestsCalling@63a12c68]" started-at="2023-05-28T22:57:59 IST" name="getUsers" finished-at="2023-05-28T22:58:01 IST" duration-ms="2526" status="PASS">
          <reporter-output>
          </reporter-output>
        </test-method> <!-- getUsers -->
        <test-method signature="createUser()[pri:2, instance:learning1.HttpRequestsCalling@63a12c68]" started-at="2023-05-28T22:58:01 IST" name="createUser" finished-at="2023-05-28T22:58:02 IST" duration-ms="773" status="PASS">
          <reporter-output>
          </reporter-output>
        </test-method> <!-- createUser -->
        <test-method signature="updateUser()[pri:3, instance:learning1.HttpRequestsCalling@63a12c68]" started-at="2023-05-28T22:58:02 IST" name="updateUser" finished-at="2023-05-28T22:58:03 IST" depends-on-methods="learning1.HttpRequestsCalling.createUser" duration-ms="502" status="PASS">
          <reporter-output>
          </reporter-output>
        </test-method> <!-- updateUser -->
        <test-method signature="deleteUser()[pri:4, instance:learning1.HttpRequestsCalling@63a12c68]" started-at="2023-05-28T22:58:03 IST" name="deleteUser" finished-at="2023-05-28T22:58:03 IST" depends-on-methods="learning1.HttpRequestsCalling.createUser" duration-ms="473" status="PASS">
          <reporter-output>
          </reporter-output>
        </test-method> <!-- deleteUser -->
      </class> <!-- learning1.HttpRequestsCalling -->
    </test> <!-- Default test -->
  </suite> <!-- Default suite -->
</testng-results>
