<?xml version="1.0" encoding="UTF-8"?>
<!-- Generated by org.testng.reporters.JUnitXMLReporter -->
<testsuite ignored="0" hostname="Allegion" failures="0" tests="4" name="Default test" time="4.326" errors="0" timestamp="2023-05-28T22:58:03 IST">
  <testcase classname="learning1.HttpRequestsCalling" name="getUsers" time="2.526"/>
  <testcase classname="learning1.HttpRequestsCalling" name="createUser" time="0.773"/>
  <testcase classname="learning1.HttpRequestsCalling" name="updateUser" time="0.502"/>
  <testcase classname="learning1.HttpRequestsCalling" name="deleteUser" time="0.473"/>
</testsuite> <!-- Default test -->
